<?xml version="1.0" encoding="UTF-8"?>
<testng-results skipped="0" failed="0" ignored="0" total="1" passed="1">
  <reporter-output>
  </reporter-output>
  <suite name="LoginPageModule" duration-ms="66783" started-at="2021-05-10T18:31:20Z" finished-at="2021-05-10T18:32:27Z">
    <groups>
    </groups>
    <test name="FB Login" duration-ms="66783" started-at="2021-05-10T18:31:20Z" finished-at="2021-05-10T18:32:27Z">
      <class name="com.Testscripts.FbLoginTest">
        <test-method status="PASS" signature="suiteSetUp(org.testng.ITestContext)[pri:0, instance:com.Testscripts.FbLoginTest@343f4d3d]" name="suiteSetUp" is-config="true" duration-ms="1125" started-at="2021-05-10T18:31:19Z" finished-at="2021-05-10T18:31:20Z">
          <params>
            <param index="0">
              <value>
                <![CDATA[org.testng.TestRunner@55b699ef]]>
              </value>
            </param>
          </params>
          <reporter-output>
          </reporter-output>
        </test-method> <!-- suiteSetUp -->
        <test-method status="PASS" signature="setup(org.testng.ITestContext)[pri:0, instance:com.Testscripts.FbLoginTest@343f4d3d]" name="setup" is-config="true" duration-ms="10062" started-at="2021-05-10T18:31:20Z" finished-at="2021-05-10T18:31:30Z">
          <params>
            <param index="0">
              <value>
                <![CDATA[org.testng.TestRunner@55b699ef]]>
              </value>
            </param>
          </params>
          <reporter-output>
          </reporter-output>
        </test-method> <!-- setup -->
        <test-method status="PASS" signature="task1()[pri:0, instance:com.Testscripts.FbLoginTest@343f4d3d]" name="task1" duration-ms="55881" started-at="2021-05-10T18:31:30Z" finished-at="2021-05-10T18:32:26Z">
          <reporter-output>
          </reporter-output>
        </test-method> <!-- task1 -->
        <test-method status="PASS" signature="teardown(org.testng.ITestResult)[pri:0, instance:com.Testscripts.FbLoginTest@343f4d3d]" name="teardown" is-config="true" duration-ms="782" started-at="2021-05-10T18:32:26Z" finished-at="2021-05-10T18:32:27Z">
          <params>
            <param index="0">
              <value>
                <![CDATA[[TestResult name=task1 status=SUCCESS method=FbLoginTest.task1()[pri:0, instance:com.Testscripts.FbLoginTest@343f4d3d] output={null}]]]>
              </value>
            </param>
          </params>
          <reporter-output>
          </reporter-output>
        </test-method> <!-- teardown -->
        <test-method status="PASS" signature="suiteTeardown()[pri:0, instance:com.Testscripts.FbLoginTest@343f4d3d]" name="suiteTeardown" is-config="true" duration-ms="578" started-at="2021-05-10T18:32:27Z" finished-at="2021-05-10T18:32:28Z">
          <reporter-output>
          </reporter-output>
        </test-method> <!-- suiteTeardown -->
      </class> <!-- com.Testscripts.FbLoginTest -->
    </test> <!-- FB Login -->
  </suite> <!-- LoginPageModule -->
</testng-results>
