<?xml version="1.0" encoding="UTF-8"?>
<testng-results skipped="0" failed="0" ignored="0" total="1" passed="1">
  <reporter-output>
  </reporter-output>
  <suite name="Default suite" duration-ms="32590" started-at="2021-05-10T13:05:14Z" finished-at="2021-05-10T13:05:47Z">
    <groups>
    </groups>
    <test name="Default test" duration-ms="32590" started-at="2021-05-10T13:05:14Z" finished-at="2021-05-10T13:05:47Z">
      <class name="com.Testscripts.FbLoginTest">
        <test-method status="PASS" signature="suiteSetUp(org.testng.ITestContext)[pri:0, instance:com.Testscripts.FbLoginTest@343f4d3d]" name="suiteSetUp" is-config="true" duration-ms="267" started-at="2021-05-10T13:05:14Z" finished-at="2021-05-10T13:05:14Z">
          <params>
            <param index="0">
              <value>
                <![CDATA[org.testng.TestRunner@41e350f1]]>
              </value>
            </param>
          </params>
          <reporter-output>
          </reporter-output>
        </test-method> <!-- suiteSetUp -->
        <test-method status="PASS" signature="setup(org.testng.ITestContext)[pri:0, instance:com.Testscripts.FbLoginTest@343f4d3d]" name="setup" is-config="true" duration-ms="2413" started-at="2021-05-10T13:05:15Z" finished-at="2021-05-10T13:05:17Z">
          <params>
            <param index="0">
              <value>
                <![CDATA[org.testng.TestRunner@41e350f1]]>
              </value>
            </param>
          </params>
          <reporter-output>
          </reporter-output>
        </test-method> <!-- setup -->
        <test-method status="PASS" signature="task1()[pri:0, instance:com.Testscripts.FbLoginTest@343f4d3d]" name="task1" duration-ms="29287" started-at="2021-05-10T13:05:17Z" finished-at="2021-05-10T13:05:46Z">
          <reporter-output>
          </reporter-output>
        </test-method> <!-- task1 -->
        <test-method status="PASS" signature="teardown(org.testng.ITestResult)[pri:0, instance:com.Testscripts.FbLoginTest@343f4d3d]" name="teardown" is-config="true" duration-ms="867" started-at="2021-05-10T13:05:46Z" finished-at="2021-05-10T13:05:47Z">
          <params>
            <param index="0">
              <value>
                <![CDATA[[TestResult name=task1 status=SUCCESS method=FbLoginTest.task1()[pri:0, instance:com.Testscripts.FbLoginTest@343f4d3d] output={null}]]]>
              </value>
            </param>
          </params>
          <reporter-output>
          </reporter-output>
        </test-method> <!-- teardown -->
        <test-method status="PASS" signature="suiteTeardown()[pri:0, instance:com.Testscripts.FbLoginTest@343f4d3d]" name="suiteTeardown" is-config="true" duration-ms="726" started-at="2021-05-10T13:05:47Z" finished-at="2021-05-10T13:05:48Z">
          <reporter-output>
          </reporter-output>
        </test-method> <!-- suiteTeardown -->
      </class> <!-- com.Testscripts.FbLoginTest -->
    </test> <!-- Default test -->
  </suite> <!-- Default suite -->
</testng-results>
